[1.480s] Invoking command in '/home/steve/mecca_ws/build/mecca_driver_node': DEBUGINFOD_URLS=https://debuginfod.ubuntu.com PYTHONPATH=/home/steve/mecca_ws/build/mecca_driver_node/prefix_override:/usr/lib/python3/dist-packages/colcon_core/task/python/colcon_distutils_commands:/home/steve/mecca_ws/install/mecca_driver_node/lib/python3.12/site-packages:${PYTHONPATH} /usr/bin/python3 -W ignore:setup.py install is deprecated -W ignore:easy_install command is deprecated setup.py develop --editable --build-directory /home/steve/mecca_ws/build/mecca_driver_node/build --no-deps symlink_data
[1.715s] /home/steve/.local/lib/python3.12/site-packages/setuptools/_distutils/dist.py:270: UserWarning: Unknown distribution option: 'tests_require'
[1.715s]   warnings.warn(msg)
[1.927s] running develop
[2.187s] running egg_info
[2.213s] creating mecca_driver_node.egg-info
[2.214s] writing mecca_driver_node.egg-info/PKG-INFO
[2.214s] writing dependency_links to mecca_driver_node.egg-info/dependency_links.txt
[2.215s] writing entry points to mecca_driver_node.egg-info/entry_points.txt
[2.215s] writing requirements to mecca_driver_node.egg-info/requires.txt
[2.215s] writing top-level names to mecca_driver_node.egg-info/top_level.txt
[2.215s] writing manifest file 'mecca_driver_node.egg-info/SOURCES.txt'
[2.267s] reading manifest file 'mecca_driver_node.egg-info/SOURCES.txt'
[2.268s] writing manifest file 'mecca_driver_node.egg-info/SOURCES.txt'
[2.295s] running build_ext
[2.301s] Creating /home/steve/mecca_ws/install/mecca_driver_node/lib/python3.12/site-packages/mecca-driver-node.egg-link (link to .)
[2.302s] Installing mecca_driver_node script to /home/steve/mecca_ws/install/mecca_driver_node/lib/mecca_driver_node
[2.302s] Installing simple_serial script to /home/steve/mecca_ws/install/mecca_driver_node/lib/mecca_driver_node
[2.302s] 
[2.302s] Installed /home/steve/mecca_ws/build/mecca_driver_node
[2.302s] running symlink_data
[2.302s] creating /home/steve/mecca_ws/install/mecca_driver_node/share/ament_index/resource_index/packages
[2.304s] symbolically linking /home/steve/mecca_ws/build/mecca_driver_node/resource/mecca_driver_node -> /home/steve/mecca_ws/install/mecca_driver_node/share/ament_index/resource_index/packages
[2.304s] symbolically linking /home/steve/mecca_ws/build/mecca_driver_node/package.xml -> /home/steve/mecca_ws/install/mecca_driver_node/share/mecca_driver_node
[2.304s] creating /home/steve/mecca_ws/install/mecca_driver_node/share/mecca_driver_node/config
[2.304s] symbolically linking /home/steve/mecca_ws/build/mecca_driver_node/config/joy_teleop.yaml -> /home/steve/mecca_ws/install/mecca_driver_node/share/mecca_driver_node/config
[2.424s] Invoked command in '/home/steve/mecca_ws/build/mecca_driver_node' returned '0': DEBUGINFOD_URLS=https://debuginfod.ubuntu.com PYTHONPATH=/home/steve/mecca_ws/build/mecca_driver_node/prefix_override:/usr/lib/python3/dist-packages/colcon_core/task/python/colcon_distutils_commands:/home/steve/mecca_ws/install/mecca_driver_node/lib/python3.12/site-packages:${PYTHONPATH} /usr/bin/python3 -W ignore:setup.py install is deprecated -W ignore:easy_install command is deprecated setup.py develop --editable --build-directory /home/steve/mecca_ws/build/mecca_driver_node/build --no-deps symlink_data
