[2.224s] Invoking command in '/home/steve/mecca_ws/build/vl53l1x_sensor': DEBUGINFOD_URLS=https://debuginfod.ubuntu.com PYTHONPATH=/home/steve/mecca_ws/build/vl53l1x_sensor/prefix_override:/usr/lib/python3/dist-packages/colcon_core/task/python/colcon_distutils_commands:/home/steve/mecca_ws/install/vl53l1x_sensor/lib/python3.12/site-packages:${PYTHONPATH} /usr/bin/python3 -W ignore:setup.py install is deprecated -W ignore:easy_install command is deprecated setup.py develop --editable --build-directory /home/steve/mecca_ws/build/vl53l1x_sensor/build --no-deps symlink_data
[2.500s] /home/steve/.local/lib/python3.12/site-packages/setuptools/_distutils/dist.py:270: UserWarning: Unknown distribution option: 'tests_require'
[2.500s]   warnings.warn(msg)
[2.723s] running develop
[2.997s] running egg_info
[3.025s] creating vl53l1x_sensor.egg-info
[3.025s] writing vl53l1x_sensor.egg-info/PKG-INFO
[3.026s] writing dependency_links to vl53l1x_sensor.egg-info/dependency_links.txt
[3.026s] writing requirements to vl53l1x_sensor.egg-info/requires.txt
[3.026s] writing top-level names to vl53l1x_sensor.egg-info/top_level.txt
[3.026s] writing manifest file 'vl53l1x_sensor.egg-info/SOURCES.txt'
[3.080s] reading manifest file 'vl53l1x_sensor.egg-info/SOURCES.txt'
[3.081s] writing manifest file 'vl53l1x_sensor.egg-info/SOURCES.txt'
[3.110s] running build_ext
[3.111s] Creating /home/steve/mecca_ws/install/vl53l1x_sensor/lib/python3.12/site-packages/vl53l1x-sensor.egg-link (link to .)
[3.111s] 
[3.111s] Installed /home/steve/mecca_ws/build/vl53l1x_sensor
[3.111s] running symlink_data
[3.112s] creating /home/steve/mecca_ws/install/vl53l1x_sensor/share/ament_index/resource_index/packages
[3.112s] symbolically linking /home/steve/mecca_ws/build/vl53l1x_sensor/resource/vl53l1x_sensor -> /home/steve/mecca_ws/install/vl53l1x_sensor/share/ament_index/resource_index/packages
[3.112s] symbolically linking /home/steve/mecca_ws/build/vl53l1x_sensor/package.xml -> /home/steve/mecca_ws/install/vl53l1x_sensor/share/vl53l1x_sensor
[3.302s] Invoked command in '/home/steve/mecca_ws/build/vl53l1x_sensor' returned '0': DEBUGINFOD_URLS=https://debuginfod.ubuntu.com PYTHONPATH=/home/steve/mecca_ws/build/vl53l1x_sensor/prefix_override:/usr/lib/python3/dist-packages/colcon_core/task/python/colcon_distutils_commands:/home/steve/mecca_ws/install/vl53l1x_sensor/lib/python3.12/site-packages:${PYTHONPATH} /usr/bin/python3 -W ignore:setup.py install is deprecated -W ignore:easy_install command is deprecated setup.py develop --editable --build-directory /home/steve/mecca_ws/build/vl53l1x_sensor/build --no-deps symlink_data
