[1.979s] Invoking command in '/home/steve/mecca_ws/build/navigator': DEBUGINFOD_URLS=https://debuginfod.ubuntu.com PYTHONPATH=/home/steve/mecca_ws/build/navigator/prefix_override:/usr/lib/python3/dist-packages/colcon_core/task/python/colcon_distutils_commands:/home/steve/mecca_ws/install/navigator/lib/python3.12/site-packages:${PYTHONPATH} /usr/bin/python3 -W ignore:setup.py install is deprecated -W ignore:easy_install command is deprecated setup.py develop --editable --build-directory /home/steve/mecca_ws/build/navigator/build --no-deps symlink_data
[2.261s] /home/steve/.local/lib/python3.12/site-packages/setuptools/_distutils/dist.py:270: UserWarning: Unknown distribution option: 'tests_require'
[2.261s]   warnings.warn(msg)
[2.493s] running develop
[2.781s] running egg_info
[2.810s] creating navigator.egg-info
[2.810s] writing navigator.egg-info/PKG-INFO
[2.810s] writing dependency_links to navigator.egg-info/dependency_links.txt
[2.811s] writing entry points to navigator.egg-info/entry_points.txt
[2.811s] writing requirements to navigator.egg-info/requires.txt
[2.811s] writing top-level names to navigator.egg-info/top_level.txt
[2.811s] writing manifest file 'navigator.egg-info/SOURCES.txt'
[2.867s] reading manifest file 'navigator.egg-info/SOURCES.txt'
[2.868s] writing manifest file 'navigator.egg-info/SOURCES.txt'
[2.903s] running build_ext
[2.904s] Creating /home/steve/mecca_ws/install/navigator/lib/python3.12/site-packages/navigator.egg-link (link to .)
[2.906s] Installing navigator_node script to /home/steve/mecca_ws/install/navigator/lib/navigator
[2.907s] 
[2.907s] Installed /home/steve/mecca_ws/build/navigator
[2.907s] running symlink_data
[2.908s] creating /home/steve/mecca_ws/install/navigator/share/ament_index/resource_index/packages
[2.908s] symbolically linking /home/steve/mecca_ws/build/navigator/resource/navigator -> /home/steve/mecca_ws/install/navigator/share/ament_index/resource_index/packages
[2.909s] symbolically linking /home/steve/mecca_ws/build/navigator/package.xml -> /home/steve/mecca_ws/install/navigator/share/navigator
[3.099s] Invoked command in '/home/steve/mecca_ws/build/navigator' returned '0': DEBUGINFOD_URLS=https://debuginfod.ubuntu.com PYTHONPATH=/home/steve/mecca_ws/build/navigator/prefix_override:/usr/lib/python3/dist-packages/colcon_core/task/python/colcon_distutils_commands:/home/steve/mecca_ws/install/navigator/lib/python3.12/site-packages:${PYTHONPATH} /usr/bin/python3 -W ignore:setup.py install is deprecated -W ignore:easy_install command is deprecated setup.py develop --editable --build-directory /home/steve/mecca_ws/build/navigator/build --no-deps symlink_data
