[1.476s] Invoking command in '/home/steve/mecca_ws/build/nav_node': DEBUGINFOD_URLS=https://debuginfod.ubuntu.com PYTHONPATH=/home/steve/mecca_ws/build/nav_node/prefix_override:/usr/lib/python3/dist-packages/colcon_core/task/python/colcon_distutils_commands:/home/steve/mecca_ws/install/nav_node/lib/python3.12/site-packages:${PYTHONPATH} /usr/bin/python3 -W ignore:setup.py install is deprecated -W ignore:easy_install command is deprecated setup.py develop --editable --build-directory /home/steve/mecca_ws/build/nav_node/build --no-deps symlink_data
[1.710s] /home/steve/.local/lib/python3.12/site-packages/setuptools/_distutils/dist.py:270: UserWarning: Unknown distribution option: 'tests_require'
[1.710s]   warnings.warn(msg)
[1.918s] running develop
[2.178s] running egg_info
[2.204s] creating nav_node.egg-info
[2.205s] writing nav_node.egg-info/PKG-INFO
[2.205s] writing dependency_links to nav_node.egg-info/dependency_links.txt
[2.205s] writing entry points to nav_node.egg-info/entry_points.txt
[2.206s] writing requirements to nav_node.egg-info/requires.txt
[2.206s] writing top-level names to nav_node.egg-info/top_level.txt
[2.206s] writing manifest file 'nav_node.egg-info/SOURCES.txt'
[2.258s] reading manifest file 'nav_node.egg-info/SOURCES.txt'
[2.259s] writing manifest file 'nav_node.egg-info/SOURCES.txt'
[2.290s] running build_ext
[2.290s] Creating /home/steve/mecca_ws/install/nav_node/lib/python3.12/site-packages/nav-node.egg-link (link to .)
[2.290s] Installing nav_node script to /home/steve/mecca_ws/install/nav_node/lib/nav_node
[2.290s] 
[2.292s] Installed /home/steve/mecca_ws/build/nav_node
[2.292s] running symlink_data
[2.294s] creating /home/steve/mecca_ws/install/nav_node/share/ament_index/resource_index/packages
[2.294s] symbolically linking /home/steve/mecca_ws/build/nav_node/resource/nav_node -> /home/steve/mecca_ws/install/nav_node/share/ament_index/resource_index/packages
[2.294s] symbolically linking /home/steve/mecca_ws/build/nav_node/package.xml -> /home/steve/mecca_ws/install/nav_node/share/nav_node
[2.430s] Invoked command in '/home/steve/mecca_ws/build/nav_node' returned '0': DEBUGINFOD_URLS=https://debuginfod.ubuntu.com PYTHONPATH=/home/steve/mecca_ws/build/nav_node/prefix_override:/usr/lib/python3/dist-packages/colcon_core/task/python/colcon_distutils_commands:/home/steve/mecca_ws/install/nav_node/lib/python3.12/site-packages:${PYTHONPATH} /usr/bin/python3 -W ignore:setup.py install is deprecated -W ignore:easy_install command is deprecated setup.py develop --editable --build-directory /home/steve/mecca_ws/build/nav_node/build --no-deps symlink_data
