[2.044s] Invoking command in '/home/steve/mecca_ws/build/mecca_driver_node': DEBUGINFOD_URLS=https://debuginfod.ubuntu.com PYTHONPATH=/home/steve/mecca_ws/build/mecca_driver_node/prefix_override:/usr/lib/python3/dist-packages/colcon_core/task/python/colcon_distutils_commands:/home/steve/mecca_ws/install/mecca_driver_node/lib/python3.12/site-packages:${PYTHONPATH} /usr/bin/python3 -W ignore:setup.py install is deprecated -W ignore:easy_install command is deprecated setup.py develop --editable --build-directory /home/steve/mecca_ws/build/mecca_driver_node/build --no-deps symlink_data
[2.320s] /home/steve/.local/lib/python3.12/site-packages/setuptools/_distutils/dist.py:270: UserWarning: Unknown distribution option: 'tests_require'
[2.320s]   warnings.warn(msg)
[2.560s] running develop
[2.864s] running egg_info
[2.893s] writing mecca_driver_node.egg-info/PKG-INFO
[2.894s] writing dependency_links to mecca_driver_node.egg-info/dependency_links.txt
[2.895s] writing entry points to mecca_driver_node.egg-info/entry_points.txt
[2.896s] writing requirements to mecca_driver_node.egg-info/requires.txt
[2.897s] writing top-level names to mecca_driver_node.egg-info/top_level.txt
[2.954s] reading manifest file 'mecca_driver_node.egg-info/SOURCES.txt'
[2.956s] writing manifest file 'mecca_driver_node.egg-info/SOURCES.txt'
[2.995s] running build_ext
[2.995s] Creating /home/steve/mecca_ws/install/mecca_driver_node/lib/python3.12/site-packages/mecca-driver-node.egg-link (link to .)
[2.997s] Installing led_controller_node script to /home/steve/mecca_ws/install/mecca_driver_node/lib/mecca_driver_node
[2.998s] Installing mecca_driver_node script to /home/steve/mecca_ws/install/mecca_driver_node/lib/mecca_driver_node
[2.998s] Installing simple_serial script to /home/steve/mecca_ws/install/mecca_driver_node/lib/mecca_driver_node
[2.999s] 
[2.999s] Installed /home/steve/mecca_ws/build/mecca_driver_node
[3.000s] running symlink_data
[3.172s] Invoked command in '/home/steve/mecca_ws/build/mecca_driver_node' returned '0': DEBUGINFOD_URLS=https://debuginfod.ubuntu.com PYTHONPATH=/home/steve/mecca_ws/build/mecca_driver_node/prefix_override:/usr/lib/python3/dist-packages/colcon_core/task/python/colcon_distutils_commands:/home/steve/mecca_ws/install/mecca_driver_node/lib/python3.12/site-packages:${PYTHONPATH} /usr/bin/python3 -W ignore:setup.py install is deprecated -W ignore:easy_install command is deprecated setup.py develop --editable --build-directory /home/steve/mecca_ws/build/mecca_driver_node/build --no-deps symlink_data
