[0.202s] DEBUG:colcon:Command line arguments: ['/usr/bin/colcon', 'build', '--symlink-install']
[0.202s] DEBUG:colcon:Parsed command line arguments: Namespace(log_base=None, log_level=None, verb_name='build', build_base='build', install_base='install', merge_install=False, symlink_install=True, test_result_base=None, continue_on_error=False, executor='parallel', parallel_workers=4, event_handlers=None, ignore_user_meta=False, metas=['./colcon.meta'], base_paths=['.'], packages_ignore=None, packages_ignore_regex=None, paths=None, packages_up_to=None, packages_up_to_regex=None, packages_above=None, packages_above_and_dependencies=None, packages_above_depth=None, packages_select_by_dep=None, packages_skip_by_dep=None, packages_skip_up_to=None, packages_select_build_failed=False, packages_skip_build_finished=False, packages_select_test_failures=False, packages_skip_test_passed=False, packages_select=None, packages_skip=None, packages_select_regex=None, packages_skip_regex=None, packages_start=None, packages_end=None, allow_overriding=[], cmake_args=None, cmake_target=None, cmake_target_skip_unavailable=False, cmake_clean_cache=False, cmake_clean_first=False, cmake_force_configure=False, ament_cmake_args=None, catkin_cmake_args=None, catkin_skip_building_tests=False, mixin_files=None, mixin=None, verb_parser=<colcon_mixin.mixin.mixin_argument.MixinArgumentDecorator object at 0xffffb95e7ce0>, verb_extension=<colcon_core.verb.build.BuildVerb object at 0xffffb97c4260>, main=<bound method BuildVerb.main of <colcon_core.verb.build.BuildVerb object at 0xffffb97c4260>>, mixin_verb=('build',))
[0.257s] Level 1:colcon.colcon_core.package_discovery:discover_packages(colcon_meta) check parameters
[0.257s] Level 1:colcon.colcon_core.package_discovery:discover_packages(recursive) check parameters
[0.257s] Level 1:colcon.colcon_core.package_discovery:discover_packages(ignore) check parameters
[0.257s] Level 1:colcon.colcon_core.package_discovery:discover_packages(path) check parameters
[0.257s] Level 1:colcon.colcon_core.package_discovery:discover_packages(colcon_meta) discover
[0.257s] Level 1:colcon.colcon_core.package_discovery:discover_packages(recursive) discover
[0.257s] INFO:colcon.colcon_core.package_discovery:Crawling recursively for packages in '/home/steve/mecca_ws'
[0.257s] Level 1:colcon.colcon_core.package_identification:_identify(.) by extensions ['ignore', 'ignore_ament_install']
[0.257s] Level 1:colcon.colcon_core.package_identification:_identify(.) by extension 'ignore'
[0.257s] Level 1:colcon.colcon_core.package_identification:_identify(.) by extension 'ignore_ament_install'
[0.257s] Level 1:colcon.colcon_core.package_identification:_identify(.) by extensions ['colcon_pkg']
[0.257s] Level 1:colcon.colcon_core.package_identification:_identify(.) by extension 'colcon_pkg'
[0.258s] Level 1:colcon.colcon_core.package_identification:_identify(.) by extensions ['colcon_meta']
[0.258s] Level 1:colcon.colcon_core.package_identification:_identify(.) by extension 'colcon_meta'
[0.258s] Level 1:colcon.colcon_core.package_identification:_identify(.) by extensions ['ros']
[0.258s] Level 1:colcon.colcon_core.package_identification:_identify(.) by extension 'ros'
[0.295s] Level 1:colcon.colcon_core.package_identification:_identify(.) by extensions ['cmake', 'python']
[0.295s] Level 1:colcon.colcon_core.package_identification:_identify(.) by extension 'cmake'
[0.295s] Level 1:colcon.colcon_core.package_identification:_identify(.) by extension 'python'
[0.295s] Level 1:colcon.colcon_core.package_identification:_identify(.) by extensions ['python_setup_py']
[0.295s] Level 1:colcon.colcon_core.package_identification:_identify(.) by extension 'python_setup_py'
[0.296s] Level 1:colcon.colcon_core.package_identification:_identify(build) by extensions ['ignore', 'ignore_ament_install']
[0.296s] Level 1:colcon.colcon_core.package_identification:_identify(build) by extension 'ignore'
[0.296s] Level 1:colcon.colcon_core.package_identification:_identify(build) ignored
[0.296s] Level 1:colcon.colcon_core.package_identification:_identify(install) by extensions ['ignore', 'ignore_ament_install']
[0.296s] Level 1:colcon.colcon_core.package_identification:_identify(install) by extension 'ignore'
[0.296s] Level 1:colcon.colcon_core.package_identification:_identify(install) ignored
[0.296s] Level 1:colcon.colcon_core.package_identification:_identify(log) by extensions ['ignore', 'ignore_ament_install']
[0.296s] Level 1:colcon.colcon_core.package_identification:_identify(log) by extension 'ignore'
[0.296s] Level 1:colcon.colcon_core.package_identification:_identify(log) ignored
[0.296s] Level 1:colcon.colcon_core.package_identification:_identify(src) by extensions ['ignore', 'ignore_ament_install']
[0.297s] Level 1:colcon.colcon_core.package_identification:_identify(src) by extension 'ignore'
[0.297s] Level 1:colcon.colcon_core.package_identification:_identify(src) by extension 'ignore_ament_install'
[0.297s] Level 1:colcon.colcon_core.package_identification:_identify(src) by extensions ['colcon_pkg']
[0.297s] Level 1:colcon.colcon_core.package_identification:_identify(src) by extension 'colcon_pkg'
[0.297s] Level 1:colcon.colcon_core.package_identification:_identify(src) by extensions ['colcon_meta']
[0.297s] Level 1:colcon.colcon_core.package_identification:_identify(src) by extension 'colcon_meta'
[0.297s] Level 1:colcon.colcon_core.package_identification:_identify(src) by extensions ['ros']
[0.297s] Level 1:colcon.colcon_core.package_identification:_identify(src) by extension 'ros'
[0.297s] Level 1:colcon.colcon_core.package_identification:_identify(src) by extensions ['cmake', 'python']
[0.297s] Level 1:colcon.colcon_core.package_identification:_identify(src) by extension 'cmake'
[0.297s] Level 1:colcon.colcon_core.package_identification:_identify(src) by extension 'python'
[0.297s] Level 1:colcon.colcon_core.package_identification:_identify(src) by extensions ['python_setup_py']
[0.297s] Level 1:colcon.colcon_core.package_identification:_identify(src) by extension 'python_setup_py'
[0.297s] Level 1:colcon.colcon_core.package_identification:_identify(src/deprecated) by extensions ['ignore', 'ignore_ament_install']
[0.297s] Level 1:colcon.colcon_core.package_identification:_identify(src/deprecated) by extension 'ignore'
[0.297s] Level 1:colcon.colcon_core.package_identification:_identify(src/deprecated) by extension 'ignore_ament_install'
[0.297s] Level 1:colcon.colcon_core.package_identification:_identify(src/deprecated) by extensions ['colcon_pkg']
[0.297s] Level 1:colcon.colcon_core.package_identification:_identify(src/deprecated) by extension 'colcon_pkg'
[0.298s] Level 1:colcon.colcon_core.package_identification:_identify(src/deprecated) by extensions ['colcon_meta']
[0.298s] Level 1:colcon.colcon_core.package_identification:_identify(src/deprecated) by extension 'colcon_meta'
[0.298s] Level 1:colcon.colcon_core.package_identification:_identify(src/deprecated) by extensions ['ros']
[0.298s] Level 1:colcon.colcon_core.package_identification:_identify(src/deprecated) by extension 'ros'
[0.298s] Level 1:colcon.colcon_core.package_identification:_identify(src/deprecated) by extensions ['cmake', 'python']
[0.298s] Level 1:colcon.colcon_core.package_identification:_identify(src/deprecated) by extension 'cmake'
[0.298s] Level 1:colcon.colcon_core.package_identification:_identify(src/deprecated) by extension 'python'
[0.298s] Level 1:colcon.colcon_core.package_identification:_identify(src/deprecated) by extensions ['python_setup_py']
[0.298s] Level 1:colcon.colcon_core.package_identification:_identify(src/deprecated) by extension 'python_setup_py'
[0.298s] Level 1:colcon.colcon_core.package_identification:_identify(src/deprecated/nav_node) by extensions ['ignore', 'ignore_ament_install']
[0.298s] Level 1:colcon.colcon_core.package_identification:_identify(src/deprecated/nav_node) by extension 'ignore'
[0.298s] Level 1:colcon.colcon_core.package_identification:_identify(src/deprecated/nav_node) by extension 'ignore_ament_install'
[0.298s] Level 1:colcon.colcon_core.package_identification:_identify(src/deprecated/nav_node) by extensions ['colcon_pkg']
[0.298s] Level 1:colcon.colcon_core.package_identification:_identify(src/deprecated/nav_node) by extension 'colcon_pkg'
[0.298s] Level 1:colcon.colcon_core.package_identification:_identify(src/deprecated/nav_node) by extensions ['colcon_meta']
[0.298s] Level 1:colcon.colcon_core.package_identification:_identify(src/deprecated/nav_node) by extension 'colcon_meta'
[0.298s] Level 1:colcon.colcon_core.package_identification:_identify(src/deprecated/nav_node) by extensions ['ros']
[0.298s] Level 1:colcon.colcon_core.package_identification:_identify(src/deprecated/nav_node) by extension 'ros'
[0.303s] DEBUG:colcon.colcon_core.package_identification:Package 'src/deprecated/nav_node' with type 'ros.ament_python' and name 'nav_node'
[0.304s] Level 1:colcon.colcon_core.package_identification:_identify(src/mecca_driver_node) by extensions ['ignore', 'ignore_ament_install']
[0.304s] Level 1:colcon.colcon_core.package_identification:_identify(src/mecca_driver_node) by extension 'ignore'
[0.304s] Level 1:colcon.colcon_core.package_identification:_identify(src/mecca_driver_node) by extension 'ignore_ament_install'
[0.304s] Level 1:colcon.colcon_core.package_identification:_identify(src/mecca_driver_node) by extensions ['colcon_pkg']
[0.304s] Level 1:colcon.colcon_core.package_identification:_identify(src/mecca_driver_node) by extension 'colcon_pkg'
[0.304s] Level 1:colcon.colcon_core.package_identification:_identify(src/mecca_driver_node) by extensions ['colcon_meta']
[0.304s] Level 1:colcon.colcon_core.package_identification:_identify(src/mecca_driver_node) by extension 'colcon_meta'
[0.304s] Level 1:colcon.colcon_core.package_identification:_identify(src/mecca_driver_node) by extensions ['ros']
[0.304s] Level 1:colcon.colcon_core.package_identification:_identify(src/mecca_driver_node) by extension 'ros'
[0.305s] DEBUG:colcon.colcon_core.package_identification:Package 'src/mecca_driver_node' with type 'ros.ament_python' and name 'mecca_driver_node'
[0.305s] Level 1:colcon.colcon_core.package_identification:_identify(src/mecca_launch) by extensions ['ignore', 'ignore_ament_install']
[0.305s] Level 1:colcon.colcon_core.package_identification:_identify(src/mecca_launch) by extension 'ignore'
[0.305s] Level 1:colcon.colcon_core.package_identification:_identify(src/mecca_launch) by extension 'ignore_ament_install'
[0.305s] Level 1:colcon.colcon_core.package_identification:_identify(src/mecca_launch) by extensions ['colcon_pkg']
[0.305s] Level 1:colcon.colcon_core.package_identification:_identify(src/mecca_launch) by extension 'colcon_pkg'
[0.305s] Level 1:colcon.colcon_core.package_identification:_identify(src/mecca_launch) by extensions ['colcon_meta']
[0.305s] Level 1:colcon.colcon_core.package_identification:_identify(src/mecca_launch) by extension 'colcon_meta'
[0.305s] Level 1:colcon.colcon_core.package_identification:_identify(src/mecca_launch) by extensions ['ros']
[0.305s] Level 1:colcon.colcon_core.package_identification:_identify(src/mecca_launch) by extension 'ros'
[0.306s] DEBUG:colcon.colcon_core.package_identification:Package 'src/mecca_launch' with type 'ros.ament_python' and name 'mecca_launch'
[0.306s] Level 1:colcon.colcon_core.package_identification:_identify(src/utilities) by extensions ['ignore', 'ignore_ament_install']
[0.306s] Level 1:colcon.colcon_core.package_identification:_identify(src/utilities) by extension 'ignore'
[0.306s] Level 1:colcon.colcon_core.package_identification:_identify(src/utilities) by extension 'ignore_ament_install'
[0.306s] Level 1:colcon.colcon_core.package_identification:_identify(src/utilities) by extensions ['colcon_pkg']
[0.306s] Level 1:colcon.colcon_core.package_identification:_identify(src/utilities) by extension 'colcon_pkg'
[0.306s] Level 1:colcon.colcon_core.package_identification:_identify(src/utilities) by extensions ['colcon_meta']
[0.306s] Level 1:colcon.colcon_core.package_identification:_identify(src/utilities) by extension 'colcon_meta'
[0.306s] Level 1:colcon.colcon_core.package_identification:_identify(src/utilities) by extensions ['ros']
[0.306s] Level 1:colcon.colcon_core.package_identification:_identify(src/utilities) by extension 'ros'
[0.306s] Level 1:colcon.colcon_core.package_identification:_identify(src/utilities) by extensions ['cmake', 'python']
[0.306s] Level 1:colcon.colcon_core.package_identification:_identify(src/utilities) by extension 'cmake'
[0.306s] Level 1:colcon.colcon_core.package_identification:_identify(src/utilities) by extension 'python'
[0.307s] Level 1:colcon.colcon_core.package_identification:_identify(src/utilities) by extensions ['python_setup_py']
[0.307s] Level 1:colcon.colcon_core.package_identification:_identify(src/utilities) by extension 'python_setup_py'
[0.307s] Level 1:colcon.colcon_core.package_identification:_identify(src/vl53l1x_sensor) by extensions ['ignore', 'ignore_ament_install']
[0.307s] Level 1:colcon.colcon_core.package_identification:_identify(src/vl53l1x_sensor) by extension 'ignore'
[0.307s] Level 1:colcon.colcon_core.package_identification:_identify(src/vl53l1x_sensor) by extension 'ignore_ament_install'
[0.307s] Level 1:colcon.colcon_core.package_identification:_identify(src/vl53l1x_sensor) by extensions ['colcon_pkg']
[0.307s] Level 1:colcon.colcon_core.package_identification:_identify(src/vl53l1x_sensor) by extension 'colcon_pkg'
[0.307s] Level 1:colcon.colcon_core.package_identification:_identify(src/vl53l1x_sensor) by extensions ['colcon_meta']
[0.307s] Level 1:colcon.colcon_core.package_identification:_identify(src/vl53l1x_sensor) by extension 'colcon_meta'
[0.307s] Level 1:colcon.colcon_core.package_identification:_identify(src/vl53l1x_sensor) by extensions ['ros']
[0.307s] Level 1:colcon.colcon_core.package_identification:_identify(src/vl53l1x_sensor) by extension 'ros'
[0.308s] DEBUG:colcon.colcon_core.package_identification:Package 'src/vl53l1x_sensor' with type 'ros.ament_python' and name 'vl53l1x_sensor'
[0.308s] Level 1:colcon.colcon_core.package_discovery:discover_packages(recursive) using defaults
[0.308s] Level 1:colcon.colcon_core.package_discovery:discover_packages(ignore) discover
[0.308s] Level 1:colcon.colcon_core.package_discovery:discover_packages(ignore) using defaults
[0.308s] Level 1:colcon.colcon_core.package_discovery:discover_packages(path) discover
[0.308s] Level 1:colcon.colcon_core.package_discovery:discover_packages(path) using defaults
[0.338s] Level 1:colcon.colcon_core.package_discovery:discover_packages(prefix_path) check parameters
[0.339s] Level 1:colcon.colcon_core.package_discovery:discover_packages(prefix_path) discover
[0.343s] DEBUG:colcon.colcon_installed_package_information.package_discovery:Found 3 installed packages in /home/steve/mecca_ws/install
[0.345s] DEBUG:colcon.colcon_installed_package_information.package_discovery:Found 285 installed packages in /opt/ros/jazzy
[0.346s] Level 1:colcon.colcon_core.package_discovery:discover_packages(prefix_path) using defaults
[0.408s] Level 5:colcon.colcon_core.verb:set package 'mecca_driver_node' build argument 'cmake_args' from command line to 'None'
[0.408s] Level 5:colcon.colcon_core.verb:set package 'mecca_driver_node' build argument 'cmake_target' from command line to 'None'
[0.408s] Level 5:colcon.colcon_core.verb:set package 'mecca_driver_node' build argument 'cmake_target_skip_unavailable' from command line to 'False'
[0.408s] Level 5:colcon.colcon_core.verb:set package 'mecca_driver_node' build argument 'cmake_clean_cache' from command line to 'False'
[0.408s] Level 5:colcon.colcon_core.verb:set package 'mecca_driver_node' build argument 'cmake_clean_first' from command line to 'False'
[0.408s] Level 5:colcon.colcon_core.verb:set package 'mecca_driver_node' build argument 'cmake_force_configure' from command line to 'False'
[0.408s] Level 5:colcon.colcon_core.verb:set package 'mecca_driver_node' build argument 'ament_cmake_args' from command line to 'None'
[0.408s] Level 5:colcon.colcon_core.verb:set package 'mecca_driver_node' build argument 'catkin_cmake_args' from command line to 'None'
[0.408s] Level 5:colcon.colcon_core.verb:set package 'mecca_driver_node' build argument 'catkin_skip_building_tests' from command line to 'False'
[0.408s] DEBUG:colcon.colcon_core.verb:Building package 'mecca_driver_node' with the following arguments: {'ament_cmake_args': None, 'build_base': '/home/steve/mecca_ws/build/mecca_driver_node', 'catkin_cmake_args': None, 'catkin_skip_building_tests': False, 'cmake_args': None, 'cmake_clean_cache': False, 'cmake_clean_first': False, 'cmake_force_configure': False, 'cmake_target': None, 'cmake_target_skip_unavailable': False, 'install_base': '/home/steve/mecca_ws/install/mecca_driver_node', 'merge_install': False, 'path': '/home/steve/mecca_ws/src/mecca_driver_node', 'symlink_install': True, 'test_result_base': None}
[0.409s] Level 5:colcon.colcon_core.verb:set package 'nav_node' build argument 'cmake_args' from command line to 'None'
[0.409s] Level 5:colcon.colcon_core.verb:set package 'nav_node' build argument 'cmake_target' from command line to 'None'
[0.409s] Level 5:colcon.colcon_core.verb:set package 'nav_node' build argument 'cmake_target_skip_unavailable' from command line to 'False'
[0.409s] Level 5:colcon.colcon_core.verb:set package 'nav_node' build argument 'cmake_clean_cache' from command line to 'False'
[0.409s] Level 5:colcon.colcon_core.verb:set package 'nav_node' build argument 'cmake_clean_first' from command line to 'False'
[0.409s] Level 5:colcon.colcon_core.verb:set package 'nav_node' build argument 'cmake_force_configure' from command line to 'False'
[0.409s] Level 5:colcon.colcon_core.verb:set package 'nav_node' build argument 'ament_cmake_args' from command line to 'None'
[0.409s] Level 5:colcon.colcon_core.verb:set package 'nav_node' build argument 'catkin_cmake_args' from command line to 'None'
[0.409s] Level 5:colcon.colcon_core.verb:set package 'nav_node' build argument 'catkin_skip_building_tests' from command line to 'False'
[0.409s] DEBUG:colcon.colcon_core.verb:Building package 'nav_node' with the following arguments: {'ament_cmake_args': None, 'build_base': '/home/steve/mecca_ws/build/nav_node', 'catkin_cmake_args': None, 'catkin_skip_building_tests': False, 'cmake_args': None, 'cmake_clean_cache': False, 'cmake_clean_first': False, 'cmake_force_configure': False, 'cmake_target': None, 'cmake_target_skip_unavailable': False, 'install_base': '/home/steve/mecca_ws/install/nav_node', 'merge_install': False, 'path': '/home/steve/mecca_ws/src/deprecated/nav_node', 'symlink_install': True, 'test_result_base': None}
[0.409s] Level 5:colcon.colcon_core.verb:set package 'vl53l1x_sensor' build argument 'cmake_args' from command line to 'None'
[0.409s] Level 5:colcon.colcon_core.verb:set package 'vl53l1x_sensor' build argument 'cmake_target' from command line to 'None'
[0.409s] Level 5:colcon.colcon_core.verb:set package 'vl53l1x_sensor' build argument 'cmake_target_skip_unavailable' from command line to 'False'
[0.409s] Level 5:colcon.colcon_core.verb:set package 'vl53l1x_sensor' build argument 'cmake_clean_cache' from command line to 'False'
[0.409s] Level 5:colcon.colcon_core.verb:set package 'vl53l1x_sensor' build argument 'cmake_clean_first' from command line to 'False'
[0.409s] Level 5:colcon.colcon_core.verb:set package 'vl53l1x_sensor' build argument 'cmake_force_configure' from command line to 'False'
[0.409s] Level 5:colcon.colcon_core.verb:set package 'vl53l1x_sensor' build argument 'ament_cmake_args' from command line to 'None'
[0.409s] Level 5:colcon.colcon_core.verb:set package 'vl53l1x_sensor' build argument 'catkin_cmake_args' from command line to 'None'
[0.409s] Level 5:colcon.colcon_core.verb:set package 'vl53l1x_sensor' build argument 'catkin_skip_building_tests' from command line to 'False'
[0.409s] DEBUG:colcon.colcon_core.verb:Building package 'vl53l1x_sensor' with the following arguments: {'ament_cmake_args': None, 'build_base': '/home/steve/mecca_ws/build/vl53l1x_sensor', 'catkin_cmake_args': None, 'catkin_skip_building_tests': False, 'cmake_args': None, 'cmake_clean_cache': False, 'cmake_clean_first': False, 'cmake_force_configure': False, 'cmake_target': None, 'cmake_target_skip_unavailable': False, 'install_base': '/home/steve/mecca_ws/install/vl53l1x_sensor', 'merge_install': False, 'path': '/home/steve/mecca_ws/src/vl53l1x_sensor', 'symlink_install': True, 'test_result_base': None}
[0.410s] Level 5:colcon.colcon_core.verb:set package 'mecca_launch' build argument 'cmake_args' from command line to 'None'
[0.410s] Level 5:colcon.colcon_core.verb:set package 'mecca_launch' build argument 'cmake_target' from command line to 'None'
[0.410s] Level 5:colcon.colcon_core.verb:set package 'mecca_launch' build argument 'cmake_target_skip_unavailable' from command line to 'False'
[0.410s] Level 5:colcon.colcon_core.verb:set package 'mecca_launch' build argument 'cmake_clean_cache' from command line to 'False'
[0.410s] Level 5:colcon.colcon_core.verb:set package 'mecca_launch' build argument 'cmake_clean_first' from command line to 'False'
[0.410s] Level 5:colcon.colcon_core.verb:set package 'mecca_launch' build argument 'cmake_force_configure' from command line to 'False'
[0.410s] Level 5:colcon.colcon_core.verb:set package 'mecca_launch' build argument 'ament_cmake_args' from command line to 'None'
[0.410s] Level 5:colcon.colcon_core.verb:set package 'mecca_launch' build argument 'catkin_cmake_args' from command line to 'None'
[0.410s] Level 5:colcon.colcon_core.verb:set package 'mecca_launch' build argument 'catkin_skip_building_tests' from command line to 'False'
[0.410s] DEBUG:colcon.colcon_core.verb:Building package 'mecca_launch' with the following arguments: {'ament_cmake_args': None, 'build_base': '/home/steve/mecca_ws/build/mecca_launch', 'catkin_cmake_args': None, 'catkin_skip_building_tests': False, 'cmake_args': None, 'cmake_clean_cache': False, 'cmake_clean_first': False, 'cmake_force_configure': False, 'cmake_target': None, 'cmake_target_skip_unavailable': False, 'install_base': '/home/steve/mecca_ws/install/mecca_launch', 'merge_install': False, 'path': '/home/steve/mecca_ws/src/mecca_launch', 'symlink_install': True, 'test_result_base': None}
[0.410s] INFO:colcon.colcon_core.executor:Executing jobs using 'parallel' executor
[0.411s] DEBUG:colcon.colcon_parallel_executor.executor.parallel:run_until_complete
[0.412s] INFO:colcon.colcon_ros.task.ament_python.build:Building ROS package in '/home/steve/mecca_ws/src/mecca_driver_node' with build type 'ament_python'
[0.412s] Level 1:colcon.colcon_core.shell:create_environment_hook('mecca_driver_node', 'ament_prefix_path')
[0.417s] INFO:colcon.colcon_core.plugin_system:Skipping extension 'colcon_core.shell.bat': Not used on non-Windows systems
[0.418s] INFO:colcon.colcon_core.shell:Creating environment hook '/home/steve/mecca_ws/install/mecca_driver_node/share/mecca_driver_node/hook/ament_prefix_path.ps1'
[0.419s] INFO:colcon.colcon_core.shell:Creating environment descriptor '/home/steve/mecca_ws/install/mecca_driver_node/share/mecca_driver_node/hook/ament_prefix_path.dsv'
[0.421s] INFO:colcon.colcon_core.shell:Creating environment hook '/home/steve/mecca_ws/install/mecca_driver_node/share/mecca_driver_node/hook/ament_prefix_path.sh'
[0.424s] INFO:colcon.colcon_core.shell:Skip shell extension 'powershell' for command environment: Not usable outside of PowerShell
[0.424s] DEBUG:colcon.colcon_core.shell:Skip shell extension 'dsv' for command environment
[0.430s] INFO:colcon.colcon_ros.task.ament_python.build:Building ROS package in '/home/steve/mecca_ws/src/deprecated/nav_node' with build type 'ament_python'
[0.430s] Level 1:colcon.colcon_core.shell:create_environment_hook('nav_node', 'ament_prefix_path')
[0.431s] INFO:colcon.colcon_core.shell:Creating environment hook '/home/steve/mecca_ws/install/nav_node/share/nav_node/hook/ament_prefix_path.ps1'
[0.432s] INFO:colcon.colcon_core.shell:Creating environment descriptor '/home/steve/mecca_ws/install/nav_node/share/nav_node/hook/ament_prefix_path.dsv'
[0.433s] INFO:colcon.colcon_core.shell:Creating environment hook '/home/steve/mecca_ws/install/nav_node/share/nav_node/hook/ament_prefix_path.sh'
[0.435s] INFO:colcon.colcon_core.shell:Skip shell extension 'powershell' for command environment: Not usable outside of PowerShell
[0.435s] DEBUG:colcon.colcon_core.shell:Skip shell extension 'dsv' for command environment
[0.439s] INFO:colcon.colcon_ros.task.ament_python.build:Building ROS package in '/home/steve/mecca_ws/src/vl53l1x_sensor' with build type 'ament_python'
[0.440s] Level 1:colcon.colcon_core.shell:create_environment_hook('vl53l1x_sensor', 'ament_prefix_path')
[0.440s] INFO:colcon.colcon_core.shell:Creating environment hook '/home/steve/mecca_ws/install/vl53l1x_sensor/share/vl53l1x_sensor/hook/ament_prefix_path.ps1'
[0.441s] INFO:colcon.colcon_core.shell:Creating environment descriptor '/home/steve/mecca_ws/install/vl53l1x_sensor/share/vl53l1x_sensor/hook/ament_prefix_path.dsv'
[0.441s] INFO:colcon.colcon_core.shell:Creating environment hook '/home/steve/mecca_ws/install/vl53l1x_sensor/share/vl53l1x_sensor/hook/ament_prefix_path.sh'
[0.442s] INFO:colcon.colcon_core.shell:Skip shell extension 'powershell' for command environment: Not usable outside of PowerShell
[0.442s] DEBUG:colcon.colcon_core.shell:Skip shell extension 'dsv' for command environment
[0.781s] INFO:colcon.colcon_core.task.python.build:Building Python package in '/home/steve/mecca_ws/src/mecca_driver_node'
[0.782s] INFO:colcon.colcon_core.shell:Skip shell extension 'powershell' for command environment: Not usable outside of PowerShell
[0.782s] DEBUG:colcon.colcon_core.shell:Skip shell extension 'dsv' for command environment
[1.119s] INFO:colcon.colcon_core.task.python.build:Building Python package in '/home/steve/mecca_ws/src/deprecated/nav_node'
[1.119s] INFO:colcon.colcon_core.shell:Skip shell extension 'powershell' for command environment: Not usable outside of PowerShell
[1.119s] DEBUG:colcon.colcon_core.shell:Skip shell extension 'dsv' for command environment
[1.460s] INFO:colcon.colcon_core.task.python.build:Building Python package in '/home/steve/mecca_ws/src/vl53l1x_sensor'
[1.461s] INFO:colcon.colcon_core.shell:Skip shell extension 'powershell' for command environment: Not usable outside of PowerShell
[1.461s] DEBUG:colcon.colcon_core.shell:Skip shell extension 'dsv' for command environment
[2.656s] DEBUG:colcon.colcon_core.event_handler.log_command:Invoking command in '/home/steve/mecca_ws/build/nav_node': DEBUGINFOD_URLS=https://debuginfod.ubuntu.com PYTHONPATH=/home/steve/mecca_ws/build/nav_node/prefix_override:/usr/lib/python3/dist-packages/colcon_core/task/python/colcon_distutils_commands:/home/steve/mecca_ws/install/nav_node/lib/python3.12/site-packages:${PYTHONPATH} /usr/bin/python3 -W ignore:setup.py install is deprecated -W ignore:easy_install command is deprecated setup.py develop --editable --build-directory /home/steve/mecca_ws/build/nav_node/build --no-deps symlink_data
[2.661s] DEBUG:colcon.colcon_core.event_handler.log_command:Invoking command in '/home/steve/mecca_ws/build/mecca_driver_node': DEBUGINFOD_URLS=https://debuginfod.ubuntu.com PYTHONPATH=/home/steve/mecca_ws/build/mecca_driver_node/prefix_override:/usr/lib/python3/dist-packages/colcon_core/task/python/colcon_distutils_commands:/home/steve/mecca_ws/install/mecca_driver_node/lib/python3.12/site-packages:${PYTHONPATH} /usr/bin/python3 -W ignore:setup.py install is deprecated -W ignore:easy_install command is deprecated setup.py develop --editable --build-directory /home/steve/mecca_ws/build/mecca_driver_node/build --no-deps symlink_data
[2.664s] DEBUG:colcon.colcon_core.event_handler.log_command:Invoking command in '/home/steve/mecca_ws/build/vl53l1x_sensor': DEBUGINFOD_URLS=https://debuginfod.ubuntu.com PYTHONPATH=/home/steve/mecca_ws/build/vl53l1x_sensor/prefix_override:/usr/lib/python3/dist-packages/colcon_core/task/python/colcon_distutils_commands:/home/steve/mecca_ws/install/vl53l1x_sensor/lib/python3.12/site-packages:${PYTHONPATH} /usr/bin/python3 -W ignore:setup.py install is deprecated -W ignore:easy_install command is deprecated setup.py develop --editable --build-directory /home/steve/mecca_ws/build/vl53l1x_sensor/build --no-deps symlink_data
[3.702s] Level 1:colcon.colcon_core.shell:create_environment_hook('mecca_driver_node', 'pythonpath_develop')
[3.703s] INFO:colcon.colcon_core.shell:Creating environment hook '/home/steve/mecca_ws/build/mecca_driver_node/share/mecca_driver_node/hook/pythonpath_develop.ps1'
[3.703s] DEBUG:colcon.colcon_core.event_handler.log_command:Invoked command in '/home/steve/mecca_ws/build/mecca_driver_node' returned '0': DEBUGINFOD_URLS=https://debuginfod.ubuntu.com PYTHONPATH=/home/steve/mecca_ws/build/mecca_driver_node/prefix_override:/usr/lib/python3/dist-packages/colcon_core/task/python/colcon_distutils_commands:/home/steve/mecca_ws/install/mecca_driver_node/lib/python3.12/site-packages:${PYTHONPATH} /usr/bin/python3 -W ignore:setup.py install is deprecated -W ignore:easy_install command is deprecated setup.py develop --editable --build-directory /home/steve/mecca_ws/build/mecca_driver_node/build --no-deps symlink_data
[3.705s] INFO:colcon.colcon_core.shell:Creating environment descriptor '/home/steve/mecca_ws/build/mecca_driver_node/share/mecca_driver_node/hook/pythonpath_develop.dsv'
[3.706s] INFO:colcon.colcon_core.shell:Creating environment hook '/home/steve/mecca_ws/build/mecca_driver_node/share/mecca_driver_node/hook/pythonpath_develop.sh'
[3.715s] Level 1:colcon.colcon_core.environment:checking '/home/steve/mecca_ws/install/mecca_driver_node' for CMake module files
[3.716s] Level 1:colcon.colcon_core.environment:checking '/home/steve/mecca_ws/install/mecca_driver_node' for CMake config files
[3.717s] Level 1:colcon.colcon_core.environment:checking '/home/steve/mecca_ws/install/mecca_driver_node/lib'
[3.717s] Level 1:colcon.colcon_core.environment:checking '/home/steve/mecca_ws/install/mecca_driver_node/bin'
[3.718s] Level 1:colcon.colcon_core.environment:checking '/home/steve/mecca_ws/install/mecca_driver_node/lib/pkgconfig/mecca_driver_node.pc'
[3.718s] Level 1:colcon.colcon_core.environment:checking '/home/steve/mecca_ws/install/mecca_driver_node/lib/python3.12/site-packages'
[3.718s] Level 1:colcon.colcon_core.shell:create_environment_hook('mecca_driver_node', 'pythonpath')
[3.718s] INFO:colcon.colcon_core.shell:Creating environment hook '/home/steve/mecca_ws/install/mecca_driver_node/share/mecca_driver_node/hook/pythonpath.ps1'
[3.719s] INFO:colcon.colcon_core.shell:Creating environment descriptor '/home/steve/mecca_ws/install/mecca_driver_node/share/mecca_driver_node/hook/pythonpath.dsv'
[3.721s] INFO:colcon.colcon_core.shell:Creating environment hook '/home/steve/mecca_ws/install/mecca_driver_node/share/mecca_driver_node/hook/pythonpath.sh'
[3.723s] Level 1:colcon.colcon_core.environment:checking '/home/steve/mecca_ws/install/mecca_driver_node/bin'
[3.723s] Level 1:colcon.colcon_core.environment:create_environment_scripts_only(mecca_driver_node)
[3.724s] INFO:colcon.colcon_core.shell:Creating package script '/home/steve/mecca_ws/install/mecca_driver_node/share/mecca_driver_node/package.ps1'
[3.726s] INFO:colcon.colcon_core.shell:Creating package descriptor '/home/steve/mecca_ws/install/mecca_driver_node/share/mecca_driver_node/package.dsv'
[3.729s] INFO:colcon.colcon_core.shell:Creating package script '/home/steve/mecca_ws/install/mecca_driver_node/share/mecca_driver_node/package.sh'
[3.734s] INFO:colcon.colcon_core.shell:Creating package script '/home/steve/mecca_ws/install/mecca_driver_node/share/mecca_driver_node/package.bash'
[3.736s] INFO:colcon.colcon_core.shell:Creating package script '/home/steve/mecca_ws/install/mecca_driver_node/share/mecca_driver_node/package.zsh'
[3.738s] Level 1:colcon.colcon_core.environment:create_file_with_runtime_dependencies(/home/steve/mecca_ws/install/mecca_driver_node/share/colcon-core/packages/mecca_driver_node)
[3.741s] Level 1:colcon.colcon_core.shell:create_environment_hook('vl53l1x_sensor', 'pythonpath_develop')
[3.741s] INFO:colcon.colcon_core.shell:Creating environment hook '/home/steve/mecca_ws/build/vl53l1x_sensor/share/vl53l1x_sensor/hook/pythonpath_develop.ps1'
[3.742s] DEBUG:colcon.colcon_core.event_handler.log_command:Invoked command in '/home/steve/mecca_ws/build/vl53l1x_sensor' returned '0': DEBUGINFOD_URLS=https://debuginfod.ubuntu.com PYTHONPATH=/home/steve/mecca_ws/build/vl53l1x_sensor/prefix_override:/usr/lib/python3/dist-packages/colcon_core/task/python/colcon_distutils_commands:/home/steve/mecca_ws/install/vl53l1x_sensor/lib/python3.12/site-packages:${PYTHONPATH} /usr/bin/python3 -W ignore:setup.py install is deprecated -W ignore:easy_install command is deprecated setup.py develop --editable --build-directory /home/steve/mecca_ws/build/vl53l1x_sensor/build --no-deps symlink_data
[3.742s] INFO:colcon.colcon_core.shell:Creating environment descriptor '/home/steve/mecca_ws/build/vl53l1x_sensor/share/vl53l1x_sensor/hook/pythonpath_develop.dsv'
[3.743s] INFO:colcon.colcon_core.shell:Creating environment hook '/home/steve/mecca_ws/build/vl53l1x_sensor/share/vl53l1x_sensor/hook/pythonpath_develop.sh'
[3.744s] Level 1:colcon.colcon_core.environment:checking '/home/steve/mecca_ws/install/vl53l1x_sensor' for CMake module files
[3.744s] Level 1:colcon.colcon_core.environment:checking '/home/steve/mecca_ws/install/vl53l1x_sensor' for CMake config files
[3.745s] Level 1:colcon.colcon_core.environment:checking '/home/steve/mecca_ws/install/vl53l1x_sensor/lib'
[3.745s] Level 1:colcon.colcon_core.environment:checking '/home/steve/mecca_ws/install/vl53l1x_sensor/bin'
[3.745s] Level 1:colcon.colcon_core.environment:checking '/home/steve/mecca_ws/install/vl53l1x_sensor/lib/pkgconfig/vl53l1x_sensor.pc'
[3.746s] Level 1:colcon.colcon_core.environment:checking '/home/steve/mecca_ws/install/vl53l1x_sensor/lib/python3.12/site-packages'
[3.746s] Level 1:colcon.colcon_core.shell:create_environment_hook('vl53l1x_sensor', 'pythonpath')
[3.746s] INFO:colcon.colcon_core.shell:Creating environment hook '/home/steve/mecca_ws/install/vl53l1x_sensor/share/vl53l1x_sensor/hook/pythonpath.ps1'
[3.747s] INFO:colcon.colcon_core.shell:Creating environment descriptor '/home/steve/mecca_ws/install/vl53l1x_sensor/share/vl53l1x_sensor/hook/pythonpath.dsv'
[3.747s] INFO:colcon.colcon_core.shell:Creating environment hook '/home/steve/mecca_ws/install/vl53l1x_sensor/share/vl53l1x_sensor/hook/pythonpath.sh'
[3.748s] Level 1:colcon.colcon_core.environment:checking '/home/steve/mecca_ws/install/vl53l1x_sensor/bin'
[3.748s] Level 1:colcon.colcon_core.environment:create_environment_scripts_only(vl53l1x_sensor)
[3.748s] INFO:colcon.colcon_core.shell:Creating package script '/home/steve/mecca_ws/install/vl53l1x_sensor/share/vl53l1x_sensor/package.ps1'
[3.749s] INFO:colcon.colcon_core.shell:Creating package descriptor '/home/steve/mecca_ws/install/vl53l1x_sensor/share/vl53l1x_sensor/package.dsv'
[3.750s] INFO:colcon.colcon_core.shell:Creating package script '/home/steve/mecca_ws/install/vl53l1x_sensor/share/vl53l1x_sensor/package.sh'
[3.750s] INFO:colcon.colcon_core.shell:Creating package script '/home/steve/mecca_ws/install/vl53l1x_sensor/share/vl53l1x_sensor/package.bash'
[3.751s] INFO:colcon.colcon_core.shell:Creating package script '/home/steve/mecca_ws/install/vl53l1x_sensor/share/vl53l1x_sensor/package.zsh'
[3.751s] Level 1:colcon.colcon_core.environment:create_file_with_runtime_dependencies(/home/steve/mecca_ws/install/vl53l1x_sensor/share/colcon-core/packages/vl53l1x_sensor)
[3.751s] Level 1:colcon.colcon_core.shell:create_environment_hook('nav_node', 'pythonpath_develop')
[3.752s] INFO:colcon.colcon_core.shell:Creating environment hook '/home/steve/mecca_ws/build/nav_node/share/nav_node/hook/pythonpath_develop.ps1'
[3.753s] DEBUG:colcon.colcon_core.event_handler.log_command:Invoked command in '/home/steve/mecca_ws/build/nav_node' returned '0': DEBUGINFOD_URLS=https://debuginfod.ubuntu.com PYTHONPATH=/home/steve/mecca_ws/build/nav_node/prefix_override:/usr/lib/python3/dist-packages/colcon_core/task/python/colcon_distutils_commands:/home/steve/mecca_ws/install/nav_node/lib/python3.12/site-packages:${PYTHONPATH} /usr/bin/python3 -W ignore:setup.py install is deprecated -W ignore:easy_install command is deprecated setup.py develop --editable --build-directory /home/steve/mecca_ws/build/nav_node/build --no-deps symlink_data
[3.753s] INFO:colcon.colcon_core.shell:Creating environment descriptor '/home/steve/mecca_ws/build/nav_node/share/nav_node/hook/pythonpath_develop.dsv'
[3.754s] INFO:colcon.colcon_core.shell:Creating environment hook '/home/steve/mecca_ws/build/nav_node/share/nav_node/hook/pythonpath_develop.sh'
[3.755s] Level 1:colcon.colcon_core.environment:checking '/home/steve/mecca_ws/install/nav_node' for CMake module files
[3.756s] Level 1:colcon.colcon_core.environment:checking '/home/steve/mecca_ws/install/nav_node' for CMake config files
[3.756s] Level 1:colcon.colcon_core.environment:checking '/home/steve/mecca_ws/install/nav_node/lib'
[3.756s] Level 1:colcon.colcon_core.environment:checking '/home/steve/mecca_ws/install/nav_node/bin'
[3.756s] Level 1:colcon.colcon_core.environment:checking '/home/steve/mecca_ws/install/nav_node/lib/pkgconfig/nav_node.pc'
[3.757s] Level 1:colcon.colcon_core.environment:checking '/home/steve/mecca_ws/install/nav_node/lib/python3.12/site-packages'
[3.757s] Level 1:colcon.colcon_core.shell:create_environment_hook('nav_node', 'pythonpath')
[3.757s] INFO:colcon.colcon_core.shell:Creating environment hook '/home/steve/mecca_ws/install/nav_node/share/nav_node/hook/pythonpath.ps1'
[3.758s] INFO:colcon.colcon_core.shell:Creating environment descriptor '/home/steve/mecca_ws/install/nav_node/share/nav_node/hook/pythonpath.dsv'
[3.759s] INFO:colcon.colcon_core.shell:Creating environment hook '/home/steve/mecca_ws/install/nav_node/share/nav_node/hook/pythonpath.sh'
[3.760s] Level 1:colcon.colcon_core.environment:checking '/home/steve/mecca_ws/install/nav_node/bin'
[3.760s] Level 1:colcon.colcon_core.environment:create_environment_scripts_only(nav_node)
[3.760s] INFO:colcon.colcon_core.shell:Creating package script '/home/steve/mecca_ws/install/nav_node/share/nav_node/package.ps1'
[3.761s] INFO:colcon.colcon_core.shell:Creating package descriptor '/home/steve/mecca_ws/install/nav_node/share/nav_node/package.dsv'
[3.762s] INFO:colcon.colcon_core.shell:Creating package script '/home/steve/mecca_ws/install/nav_node/share/nav_node/package.sh'
[3.763s] INFO:colcon.colcon_core.shell:Creating package script '/home/steve/mecca_ws/install/nav_node/share/nav_node/package.bash'
[3.765s] INFO:colcon.colcon_core.shell:Creating package script '/home/steve/mecca_ws/install/nav_node/share/nav_node/package.zsh'
[3.766s] Level 1:colcon.colcon_core.environment:create_file_with_runtime_dependencies(/home/steve/mecca_ws/install/nav_node/share/colcon-core/packages/nav_node)
[3.767s] INFO:colcon.colcon_ros.task.ament_python.build:Building ROS package in '/home/steve/mecca_ws/src/mecca_launch' with build type 'ament_python'
[3.767s] Level 1:colcon.colcon_core.shell:create_environment_hook('mecca_launch', 'ament_prefix_path')
[3.768s] INFO:colcon.colcon_core.shell:Creating environment hook '/home/steve/mecca_ws/install/mecca_launch/share/mecca_launch/hook/ament_prefix_path.ps1'
[3.769s] INFO:colcon.colcon_core.shell:Creating environment descriptor '/home/steve/mecca_ws/install/mecca_launch/share/mecca_launch/hook/ament_prefix_path.dsv'
[3.769s] INFO:colcon.colcon_core.shell:Creating environment hook '/home/steve/mecca_ws/install/mecca_launch/share/mecca_launch/hook/ament_prefix_path.sh'
[3.770s] INFO:colcon.colcon_core.shell:Skip shell extension 'powershell' for command environment: Not usable outside of PowerShell
[3.770s] DEBUG:colcon.colcon_core.shell:Skip shell extension 'dsv' for command environment
[4.115s] INFO:colcon.colcon_core.task.python.build:Building Python package in '/home/steve/mecca_ws/src/mecca_launch'
[4.116s] INFO:colcon.colcon_core.shell:Skip shell extension 'powershell' for command environment: Not usable outside of PowerShell
[4.116s] DEBUG:colcon.colcon_core.shell:Skip shell extension 'dsv' for command environment
[4.885s] DEBUG:colcon.colcon_core.event_handler.log_command:Invoking command in '/home/steve/mecca_ws/build/mecca_launch': AMENT_PREFIX_PATH=/home/steve/mecca_ws/install/nav_node:/home/steve/mecca_ws/install/mecca_driver_node:/home/steve/mecca_ws/install/mecca_launch:/opt/ros/jazzy DEBUGINFOD_URLS=https://debuginfod.ubuntu.com PYTHONPATH=/home/steve/mecca_ws/build/mecca_launch/prefix_override:/usr/lib/python3/dist-packages/colcon_core/task/python/colcon_distutils_commands:/home/steve/mecca_ws/install/mecca_launch/lib/python3.12/site-packages:/home/steve/mecca_ws/build/nav_node:/home/steve/mecca_ws/install/nav_node/lib/python3.12/site-packages:/home/steve/mecca_ws/build/mecca_driver_node:/home/steve/mecca_ws/install/mecca_driver_node/lib/python3.12/site-packages:/home/steve/mecca_ws/build/mecca_launch:/home/steve/mecca_ws/install/mecca_launch/lib/python3.12/site-packages:/opt/ros/jazzy/lib/python3.12/site-packages:/home/steve/.local/lib/python3.12/site-packages:/home/steve/.local/lib/python3.12/site-packages:/usr/local/lib/python3.12/dist-packages /usr/bin/python3 -W ignore:setup.py install is deprecated -W ignore:easy_install command is deprecated setup.py develop --editable --build-directory /home/steve/mecca_ws/build/mecca_launch/build --no-deps symlink_data
[5.794s] Level 1:colcon.colcon_core.shell:create_environment_hook('mecca_launch', 'pythonpath_develop')
[5.794s] INFO:colcon.colcon_core.shell:Creating environment hook '/home/steve/mecca_ws/build/mecca_launch/share/mecca_launch/hook/pythonpath_develop.ps1'
[5.794s] DEBUG:colcon.colcon_core.event_handler.log_command:Invoked command in '/home/steve/mecca_ws/build/mecca_launch' returned '0': AMENT_PREFIX_PATH=/home/steve/mecca_ws/install/nav_node:/home/steve/mecca_ws/install/mecca_driver_node:/home/steve/mecca_ws/install/mecca_launch:/opt/ros/jazzy DEBUGINFOD_URLS=https://debuginfod.ubuntu.com PYTHONPATH=/home/steve/mecca_ws/build/mecca_launch/prefix_override:/usr/lib/python3/dist-packages/colcon_core/task/python/colcon_distutils_commands:/home/steve/mecca_ws/install/mecca_launch/lib/python3.12/site-packages:/home/steve/mecca_ws/build/nav_node:/home/steve/mecca_ws/install/nav_node/lib/python3.12/site-packages:/home/steve/mecca_ws/build/mecca_driver_node:/home/steve/mecca_ws/install/mecca_driver_node/lib/python3.12/site-packages:/home/steve/mecca_ws/build/mecca_launch:/home/steve/mecca_ws/install/mecca_launch/lib/python3.12/site-packages:/opt/ros/jazzy/lib/python3.12/site-packages:/home/steve/.local/lib/python3.12/site-packages:/home/steve/.local/lib/python3.12/site-packages:/usr/local/lib/python3.12/dist-packages /usr/bin/python3 -W ignore:setup.py install is deprecated -W ignore:easy_install command is deprecated setup.py develop --editable --build-directory /home/steve/mecca_ws/build/mecca_launch/build --no-deps symlink_data
[5.795s] INFO:colcon.colcon_core.shell:Creating environment descriptor '/home/steve/mecca_ws/build/mecca_launch/share/mecca_launch/hook/pythonpath_develop.dsv'
[5.796s] INFO:colcon.colcon_core.shell:Creating environment hook '/home/steve/mecca_ws/build/mecca_launch/share/mecca_launch/hook/pythonpath_develop.sh'
[5.797s] Level 1:colcon.colcon_core.environment:checking '/home/steve/mecca_ws/install/mecca_launch' for CMake module files
[5.797s] Level 1:colcon.colcon_core.environment:checking '/home/steve/mecca_ws/install/mecca_launch' for CMake config files
[5.798s] Level 1:colcon.colcon_core.environment:checking '/home/steve/mecca_ws/install/mecca_launch/lib'
[5.798s] Level 1:colcon.colcon_core.environment:checking '/home/steve/mecca_ws/install/mecca_launch/bin'
[5.798s] Level 1:colcon.colcon_core.environment:checking '/home/steve/mecca_ws/install/mecca_launch/lib/pkgconfig/mecca_launch.pc'
[5.799s] Level 1:colcon.colcon_core.environment:checking '/home/steve/mecca_ws/install/mecca_launch/lib/python3.12/site-packages'
[5.799s] Level 1:colcon.colcon_core.shell:create_environment_hook('mecca_launch', 'pythonpath')
[5.799s] INFO:colcon.colcon_core.shell:Creating environment hook '/home/steve/mecca_ws/install/mecca_launch/share/mecca_launch/hook/pythonpath.ps1'
[5.799s] INFO:colcon.colcon_core.shell:Creating environment descriptor '/home/steve/mecca_ws/install/mecca_launch/share/mecca_launch/hook/pythonpath.dsv'
[5.800s] INFO:colcon.colcon_core.shell:Creating environment hook '/home/steve/mecca_ws/install/mecca_launch/share/mecca_launch/hook/pythonpath.sh'
[5.801s] Level 1:colcon.colcon_core.environment:checking '/home/steve/mecca_ws/install/mecca_launch/bin'
[5.801s] Level 1:colcon.colcon_core.environment:create_environment_scripts_only(mecca_launch)
[5.802s] INFO:colcon.colcon_core.shell:Creating package script '/home/steve/mecca_ws/install/mecca_launch/share/mecca_launch/package.ps1'
[5.803s] INFO:colcon.colcon_core.shell:Creating package descriptor '/home/steve/mecca_ws/install/mecca_launch/share/mecca_launch/package.dsv'
[5.804s] INFO:colcon.colcon_core.shell:Creating package script '/home/steve/mecca_ws/install/mecca_launch/share/mecca_launch/package.sh'
[5.805s] INFO:colcon.colcon_core.shell:Creating package script '/home/steve/mecca_ws/install/mecca_launch/share/mecca_launch/package.bash'
[5.806s] INFO:colcon.colcon_core.shell:Creating package script '/home/steve/mecca_ws/install/mecca_launch/share/mecca_launch/package.zsh'
[5.807s] Level 1:colcon.colcon_core.environment:create_file_with_runtime_dependencies(/home/steve/mecca_ws/install/mecca_launch/share/colcon-core/packages/mecca_launch)
[5.808s] DEBUG:colcon.colcon_parallel_executor.executor.parallel:closing loop
[5.809s] DEBUG:colcon.colcon_parallel_executor.executor.parallel:loop closed
[5.809s] DEBUG:colcon.colcon_parallel_executor.executor.parallel:run_until_complete finished with '0'
[5.809s] DEBUG:colcon.colcon_core.event_reactor:joining thread
[5.820s] INFO:colcon.colcon_core.plugin_system:Skipping extension 'colcon_notification.desktop_notification.terminal_notifier': Not used on non-Darwin systems
[5.820s] INFO:colcon.colcon_core.plugin_system:Skipping extension 'colcon_notification.desktop_notification.win32': Not used on non-Windows systems
[5.820s] INFO:colcon.colcon_notification.desktop_notification:Sending desktop notification using 'notify2'
[5.859s] DEBUG:colcon.colcon_core.event_reactor:joined thread
[5.859s] INFO:colcon.colcon_core.shell:Creating prefix script '/home/steve/mecca_ws/install/local_setup.ps1'
[5.861s] INFO:colcon.colcon_core.shell:Creating prefix util module '/home/steve/mecca_ws/install/_local_setup_util_ps1.py'
[5.865s] INFO:colcon.colcon_core.shell:Creating prefix chain script '/home/steve/mecca_ws/install/setup.ps1'
[5.868s] INFO:colcon.colcon_core.shell:Creating prefix script '/home/steve/mecca_ws/install/local_setup.sh'
[5.871s] INFO:colcon.colcon_core.shell:Creating prefix util module '/home/steve/mecca_ws/install/_local_setup_util_sh.py'
[5.873s] INFO:colcon.colcon_core.shell:Creating prefix chain script '/home/steve/mecca_ws/install/setup.sh'
[5.878s] INFO:colcon.colcon_core.shell:Creating prefix script '/home/steve/mecca_ws/install/local_setup.bash'
[5.880s] INFO:colcon.colcon_core.shell:Creating prefix chain script '/home/steve/mecca_ws/install/setup.bash'
[5.882s] INFO:colcon.colcon_core.shell:Creating prefix script '/home/steve/mecca_ws/install/local_setup.zsh'
[5.884s] INFO:colcon.colcon_core.shell:Creating prefix chain script '/home/steve/mecca_ws/install/setup.zsh'
