/home/steve/.local/lib/python3.12/site-packages/setuptools/_distutils/dist.py:270: UserWarning: Unknown distribution option: 'tests_require'
  warnings.warn(msg)
running develop
running egg_info
creating mecca_launch.egg-info
writing mecca_launch.egg-info/PKG-INFO
writing dependency_links to mecca_launch.egg-info/dependency_links.txt
writing requirements to mecca_launch.egg-info/requires.txt
writing top-level names to mecca_launch.egg-info/top_level.txt
writing manifest file 'mecca_launch.egg-info/SOURCES.txt'
reading manifest file 'mecca_launch.egg-info/SOURCES.txt'
writing manifest file 'mecca_launch.egg-info/SOURCES.txt'
running build_ext
Creating /home/steve/mecca_ws/install/mecca_launch/lib/python3.12/site-packages/mecca-launch.egg-link (link to .)

Installed /home/steve/mecca_ws/build/mecca_launch
running symlink_data
creating /home/steve/mecca_ws/install/mecca_launch/share/ament_index/resource_index/packages
symbolically linking /home/steve/mecca_ws/build/mecca_launch/resource/mecca_launch -> /home/steve/mecca_ws/install/mecca_launch/share/ament_index/resource_index/packages
symbolically linking /home/steve/mecca_ws/build/mecca_launch/package.xml -> /home/steve/mecca_ws/install/mecca_launch/share/mecca_launch
symbolically linking /home/steve/mecca_ws/build/mecca_launch/launch/mecca_bringup.launch.py -> /home/steve/mecca_ws/install/mecca_launch/share/mecca_launch
