[1.093s] Invoking command in '/home/steve/mecca_ws/build/mecca_launch': AMENT_PREFIX_PATH=/home/steve/mecca_ws/install/nav_node:/home/steve/mecca_ws/install/mecca_driver_node:${AMENT_PREFIX_PATH} DEBUGINFOD_URLS=https://debuginfod.ubuntu.com PYTHONPATH=/home/steve/mecca_ws/build/mecca_launch/prefix_override:/usr/lib/python3/dist-packages/colcon_core/task/python/colcon_distutils_commands:/home/steve/mecca_ws/install/mecca_launch/lib/python3.12/site-packages:/home/steve/mecca_ws/build/nav_node:/home/steve/mecca_ws/install/nav_node/lib/python3.12/site-packages:/home/steve/mecca_ws/build/mecca_driver_node:/home/steve/mecca_ws/install/mecca_driver_node/lib/python3.12/site-packages:${PYTHONPATH} /usr/bin/python3 -W ignore:setup.py install is deprecated -W ignore:easy_install command is deprecated setup.py develop --editable --build-directory /home/steve/mecca_ws/build/mecca_launch/build --no-deps symlink_data
[1.313s] /home/steve/.local/lib/python3.12/site-packages/setuptools/_distutils/dist.py:270: UserWarning: Unknown distribution option: 'tests_require'
[1.313s]   warnings.warn(msg)
[1.521s] running develop
[1.781s] running egg_info
[1.807s] creating mecca_launch.egg-info
[1.807s] writing mecca_launch.egg-info/PKG-INFO
[1.808s] writing dependency_links to mecca_launch.egg-info/dependency_links.txt
[1.808s] writing requirements to mecca_launch.egg-info/requires.txt
[1.808s] writing top-level names to mecca_launch.egg-info/top_level.txt
[1.808s] writing manifest file 'mecca_launch.egg-info/SOURCES.txt'
[1.859s] reading manifest file 'mecca_launch.egg-info/SOURCES.txt'
[1.860s] writing manifest file 'mecca_launch.egg-info/SOURCES.txt'
[1.888s] running build_ext
[1.888s] Creating /home/steve/mecca_ws/install/mecca_launch/lib/python3.12/site-packages/mecca-launch.egg-link (link to .)
[1.889s] 
[1.889s] Installed /home/steve/mecca_ws/build/mecca_launch
[1.889s] running symlink_data
[1.889s] creating /home/steve/mecca_ws/install/mecca_launch/share/ament_index/resource_index/packages
[1.890s] symbolically linking /home/steve/mecca_ws/build/mecca_launch/resource/mecca_launch -> /home/steve/mecca_ws/install/mecca_launch/share/ament_index/resource_index/packages
[1.890s] symbolically linking /home/steve/mecca_ws/build/mecca_launch/package.xml -> /home/steve/mecca_ws/install/mecca_launch/share/mecca_launch
[1.890s] symbolically linking /home/steve/mecca_ws/build/mecca_launch/launch/mecca_bringup.launch.py -> /home/steve/mecca_ws/install/mecca_launch/share/mecca_launch
[1.978s] Invoked command in '/home/steve/mecca_ws/build/mecca_launch' returned '0': AMENT_PREFIX_PATH=/home/steve/mecca_ws/install/nav_node:/home/steve/mecca_ws/install/mecca_driver_node:${AMENT_PREFIX_PATH} DEBUGINFOD_URLS=https://debuginfod.ubuntu.com PYTHONPATH=/home/steve/mecca_ws/build/mecca_launch/prefix_override:/usr/lib/python3/dist-packages/colcon_core/task/python/colcon_distutils_commands:/home/steve/mecca_ws/install/mecca_launch/lib/python3.12/site-packages:/home/steve/mecca_ws/build/nav_node:/home/steve/mecca_ws/install/nav_node/lib/python3.12/site-packages:/home/steve/mecca_ws/build/mecca_driver_node:/home/steve/mecca_ws/install/mecca_driver_node/lib/python3.12/site-packages:${PYTHONPATH} /usr/bin/python3 -W ignore:setup.py install is deprecated -W ignore:easy_install command is deprecated setup.py develop --editable --build-directory /home/steve/mecca_ws/build/mecca_launch/build --no-deps symlink_data
